<?xml version="1.0" encoding="UTF-8"?>
<!-- Generated by org.testng.reporters.JUnitReportReporter -->
<testsuite skipped="0" hostname="CHE7-L21298" name="com.personal.flipkart.homePage" tests="5" failures="0" timestamp="2020-06-29T16:28:39 IST" time="142.071" errors="0">
  <testcase name="navigateURL" time="30.572" classname="com.personal.flipkart.homePage"/>
  <system-out/>
  <testcase name="loginSection" time="0.002" classname="com.personal.flipkart.homePage"/>
  <system-out/>
  <testcase name="tapLeftPaneMenu" time="95.400" classname="com.personal.flipkart.homePage"/>
  <system-out/>
  <testcase name="tapFirstSection" time="16.096" classname="com.personal.flipkart.homePage"/>
  <system-out/>
  <testcase name="categoryNavigation" time="0.001" classname="com.personal.flipkart.homePage"/>
  <system-out/>
</testsuite> <!-- com.personal.flipkart.homePage -->
