<?xml version="1.0" encoding="UTF-8"?>
<!-- Generated by org.testng.reporters.JUnitReportReporter -->
<testsuite skipped="0" hostname="CHE7-L21298" name="appAutomation.CalculatorSample" tests="1" failures="0" timestamp="2020-06-29T17:01:04 IST" time="0.004" errors="0">
  <testcase name="test" time="0.004" classname="appAutomation.CalculatorSample"/>
  <system-out/>
</testsuite> <!-- appAutomation.CalculatorSample -->
