<?xml version="1.0" encoding="UTF-8"?>
<!-- Generated by org.testng.reporters.JUnitReportReporter -->
<testsuite skipped="0" hostname="CHE7-L21298" name="BrowserInteraction.Wikipedia" tests="2" failures="0" timestamp="2020-06-15T23:40:06 IST" time="17.045" errors="0">
  <testcase name="sample" time="10.254" classname="BrowserInteraction.Wikipedia"/>
  <system-out/>
  <testcase name="navigateURL" time="6.791" classname="BrowserInteraction.Wikipedia"/>
  <system-out/>
</testsuite> <!-- BrowserInteraction.Wikipedia -->
