<?xml version="1.0" encoding="UTF-8"?>
<!-- Generated by org.testng.reporters.JUnitReportReporter -->
<testsuite skipped="0" hostname="CHE7-L21298" name="com.personal.flipkart.addProductViaSearch" tests="2" failures="0" timestamp="2020-06-28T15:37:44 IST" time="239.696" errors="0">
  <testcase name="navigateURL" time="18.043" classname="com.personal.flipkart.addProductViaSearch"/>
  <system-out/>
  <testcase name="initiateSearch" time="221.653" classname="com.personal.flipkart.addProductViaSearch"/>
  <system-out/>
</testsuite> <!-- com.personal.flipkart.addProductViaSearch -->
