<?xml version="1.0" encoding="UTF-8"?>
<!-- Generated by org.testng.reporters.JUnitReportReporter -->
<testsuite skipped="0" hostname="CHE7-L21298" name="BrowserInteraction.GoogleNavigation" tests="1" failures="0" timestamp="2020-06-15T12:45:16 IST" time="27.519" errors="0">
  <testcase name="sample" time="27.519" classname="BrowserInteraction.GoogleNavigation"/>
  <system-out/>
</testsuite> <!-- BrowserInteraction.GoogleNavigation -->
